<?xml version="1.0" encoding="UTF-8"?>
<testng-results skipped="0" failed="0" ignored="0" total="1" passed="1">
  <reporter-output>
  </reporter-output>
  <suite name="Default suite" duration-ms="9684" started-at="2019-01-14T19:31:54Z" finished-at="2019-01-14T19:32:04Z">
    <groups>
    </groups>
    <test name="Default test" duration-ms="9684" started-at="2019-01-14T19:31:54Z" finished-at="2019-01-14T19:32:04Z">
      <class name="qa.FileHandle">
        <test-method status="PASS" signature="setup()[pri:0, instance:qa.FileHandle@87f383f]" name="setup" is-config="true" duration-ms="2944" started-at="2019-01-14T19:31:54Z" finished-at="2019-01-14T19:31:57Z">
          <reporter-output>
          </reporter-output>
        </test-method> <!-- setup -->
        <test-method status="PASS" signature="downloadFile()[pri:0, instance:qa.FileHandle@87f383f]" name="downloadFile" duration-ms="6709" started-at="2019-01-14T19:31:57Z" finished-at="2019-01-14T19:32:04Z">
          <reporter-output>
          </reporter-output>
        </test-method> <!-- downloadFile -->
      </class> <!-- qa.FileHandle -->
    </test> <!-- Default test -->
  </suite> <!-- Default suite -->
</testng-results>
